<?xml version="1.0" encoding="UTF-8"?>
<testng-results ignored="0" total="1" passed="1" failed="0" skipped="0">
  <reporter-output>
  </reporter-output>
  <suite started-at="2019-10-03T13:16:34Z" name="Default suite" finished-at="2019-10-03T13:16:46Z" duration-ms="12130">
    <groups>
    </groups>
    <test started-at="2019-10-03T13:16:34Z" name="Default test" finished-at="2019-10-03T13:16:46Z" duration-ms="12130">
      <class name="com.crm.qa.test.LoginPageTest">
        <test-method is-config="true" signature="setUp()[pri:0, instance:com.crm.qa.test.LoginPageTest@6e20b53a]" started-at="2019-10-03T13:16:34Z" name="setUp" finished-at="2019-10-03T13:16:46Z" duration-ms="12013" status="PASS">
          <reporter-output>
          </reporter-output>
        </test-method> <!-- setUp -->
        <test-method signature="LoginPageTitleTest()[pri:0, instance:com.crm.qa.test.LoginPageTest@6e20b53a]" started-at="2019-10-03T13:16:46Z" name="LoginPageTitleTest" finished-at="2019-10-03T13:16:46Z" duration-ms="72" status="PASS">
          <reporter-output>
          </reporter-output>
        </test-method> <!-- LoginPageTitleTest -->
        <test-method is-config="true" signature="tearDown()[pri:0, instance:com.crm.qa.test.LoginPageTest@6e20b53a]" started-at="2019-10-03T13:16:46Z" name="tearDown" finished-at="2019-10-03T13:16:46Z" duration-ms="0" status="PASS">
          <reporter-output>
          </reporter-output>
        </test-method> <!-- tearDown -->
      </class> <!-- com.crm.qa.test.LoginPageTest -->
    </test> <!-- Default test -->
  </suite> <!-- Default suite -->
</testng-results>
